<?xml version='1.0'?>
<ns2:test-suite xmlns:ns2='urn:model.allure.qatools.yandex.ru' start='1620293764236' stop='1620293797398'>
    <name>Testing Dynamic Controls</name>
    <title>Testing Dynamic Controls</title>
    <test-cases>
        <test-case start='1620293764236' status='broken' stop='1620293780908'>
            <name>Checking Remove/add</name>
            <title>Checking Remove/add</title>
            <labels>
                <label name='language' value='javascript'/>
                <label name='framework' value='wdio'/>
                <label name='thread' value='0-0'/>
            </labels>
            <parameters>
                <parameter kind='argument' name='browser' value='chrome-90.0.4430.93'/>
            </parameters>
            <steps/>
            <attachments/>
            <failure>
                <message>element ("//input[@label="blah"]") still not displayed after 10000ms</message>
                <stack-trace>Error: element ("//input[@label="blah"]") still not displayed after 10000ms
                    at C:\Users\a.dzerman\Desktop\1212\mastery_week_5\node_modules\webdriverio\build\commands\browser\waitUntil.js:66:23
                    at async Element.elementErrorHandlerCallbackFn (C:\Users\a.dzerman\Desktop\1212\mastery_week_5\node_modules\webdriverio\build\middlewares.js:23:32)
                    at async Element.runCommandWithHooks (C:\Users\a.dzerman\Desktop\1212\mastery_week_5\node_modules\@wdio\sync\build\wrapCommand.js:105:25)
                    at Element.runCommandWithHooks (C:\Users\a.dzerman\Desktop\1212\mastery_week_5\node_modules\@wdio\sync\build\wrapCommand.js:100:24)
                    at Element.wrapCommandFn (C:\Users\a.dzerman\Desktop\1212\mastery_week_5\node_modules\@wdio\sync\build\wrapCommand.js:67:44)
                    at Element.elementErrorHandlerCallback (C:\Users\a.dzerman\Desktop\1212\mastery_week_5\node_modules\webdriverio\build\middlewares.js:44:12)
                    at Element.waitForDisplayed (C:\Users\a.dzerman\Desktop\1212\mastery_week_5\node_modules\webdriverio\build\commands\element\waitForDisplayed.js:39:17)
                    at Element.wrapCommandFn (C:\Users\a.dzerman\Desktop\1212\mastery_week_5\node_modules\@wdio\sync\build\wrapCommand.js:60:23)
                    at Element.elementErrorHandlerCallbackFn (C:\Users\a.dzerman\Desktop\1212\mastery_week_5\node_modules\webdriverio\build\middlewares.js:23:65)
                    at processTicksAndRejections (internal/process/task_queues.js:93:5)
                    at DynamicControl.workingWithRemoveAdd (C:\Users\a.dzerman\Desktop\1212\mastery_week_5\pages\dynamicControlsPage.js:22:26)
                    at Context.&lt;anonymous> (C:\Users\a.dzerman\Desktop\1212\mastery_week_5\test\specs\dynamicControls.spec.js:7:29)
                    at Context.executeSync (C:\Users\a.dzerman\Desktop\1212\mastery_week_5\node_modules\@wdio\sync\build\index.js:38:22)
                    at C:\Users\a.dzerman\Desktop\1212\mastery_week_5\node_modules\@wdio\sync\build\index.js:69:68</stack-trace>
            </failure>
        </test-case>
        <test-case start='1620293780908' status='failed' stop='1620293797396'>
            <name>Checking Enable/disable</name>
            <title>Checking Enable/disable</title>
            <labels>
                <label name='language' value='javascript'/>
                <label name='framework' value='wdio'/>
                <label name='thread' value='0-0'/>
            </labels>
            <parameters>
                <parameter kind='argument' name='browser' value='chrome-90.0.4430.93'/>
            </parameters>
            <steps/>
            <attachments/>
            <failure>
                <message>Expect $(`//p[@id="message"]`) to have property value
                
                Expected: "It's disabled!"
                Received: null</message>
                <stack-trace>Error: Expect $(`//p[@id="message"]`) to have property value
                
                Expected: "It's disabled!"
                Received: null
                    at DynamicControl.workingWithEnableDisable (C:\Users\a.dzerman\Desktop\1212\mastery_week_5\pages\dynamicControlsPage.js:30:33)
                    at Context.&lt;anonymous> (C:\Users\a.dzerman\Desktop\1212\mastery_week_5\test\specs\dynamicControls.spec.js:11:29)
                    at Context.executeSync (C:\Users\a.dzerman\Desktop\1212\mastery_week_5\node_modules\@wdio\sync\build\index.js:38:22)
                    at C:\Users\a.dzerman\Desktop\1212\mastery_week_5\node_modules\@wdio\sync\build\index.js:69:68</stack-trace>
            </failure>
        </test-case>
    </test-cases>
</ns2:test-suite>